<?xml version="1.0" encoding="UTF-8"?>
<!-- Generated by org.testng.reporters.JUnitReportReporter -->
<testsuite name="test_scripts.SeventhScenario" tests="1" time="24.088" ignored="0" failures="0" timestamp="20 May 2017 18:34:38 GMT" skipped="0" hostname="DESKTOP-HJOJ2IV" errors="0">
  <testcase name="PopularRecharges" time="24.088" classname="test_scripts.SeventhScenario"/>
</testsuite> <!-- test_scripts.SeventhScenario -->
