<?xml version="1.0" encoding="UTF-8"?>
<!-- Generated by org.testng.reporters.JUnitReportReporter -->
<testsuite name="test_scripts.ThirdScenario" tests="1" time="26.888" ignored="0" failures="0" timestamp="22 May 2017 03:35:11 GMT" skipped="0" hostname="DESKTOP-HJOJ2IV" errors="0">
  <testcase name="AddMobileNumber" time="26.888" classname="test_scripts.ThirdScenario"/>
</testsuite> <!-- test_scripts.ThirdScenario -->
