<?xml version="1.0" encoding="UTF-8"?>
<!-- Generated by org.testng.reporters.JUnitReportReporter -->
<testsuite name="test_scripts.EighthScenario" tests="1" time="44.212" ignored="0" failures="0" timestamp="21 May 2017 05:31:25 GMT" skipped="0" hostname="DESKTOP-HJOJ2IV" errors="0">
  <testcase name="RechargeMobile" time="44.212" classname="test_scripts.EighthScenario"/>
</testsuite> <!-- test_scripts.EighthScenario -->
