<?xml version="1.0" encoding="UTF-8"?>
<!-- Generated by org.testng.reporters.JUnitReportReporter -->
<testsuite name="test_scripts.fourthscenario" tests="1" time="185.767" ignored="0" failures="0" timestamp="19 May 2017 16:25:41 GMT" skipped="0" hostname="DESKTOP-HJOJ2IV" errors="0">
  <testcase name="AddMobile" time="185.767" classname="test_scripts.fourthscenario"/>
</testsuite> <!-- test_scripts.fourthscenario -->
