<?xml version="1.0" encoding="UTF-8"?>
<!-- Generated by org.testng.reporters.JUnitReportReporter -->
<testsuite name="test_scripts.TenthScenario" tests="1" time="8.520" ignored="0" failures="0" timestamp="22 May 2017 03:50:56 GMT" skipped="0" hostname="DESKTOP-HJOJ2IV" errors="0">
  <testcase name="profile" time="8.520" classname="test_scripts.TenthScenario"/>
</testsuite> <!-- test_scripts.TenthScenario -->
