<?xml version="1.0" encoding="UTF-8"?>
<!-- Generated by org.testng.reporters.JUnitReportReporter -->
<testsuite name="test_scripts.fifthscenario" tests="1" time="26.233" ignored="0" failures="0" timestamp="19 May 2017 20:27:38 GMT" skipped="0" hostname="DESKTOP-HJOJ2IV" errors="0">
  <testcase name="Validatemobile" time="26.233" classname="test_scripts.fifthscenario"/>
</testsuite> <!-- test_scripts.fifthscenario -->
