<?xml version="1.0" encoding="UTF-8"?>
<!-- Generated by org.testng.reporters.JUnitReportReporter -->
<testsuite name="test_scripts.SixthScenario" tests="1" time="17.886" ignored="0" failures="0" timestamp="20 May 2017 02:23:01 GMT" skipped="0" hostname="DESKTOP-HJOJ2IV" errors="0">
  <testcase name="Deletefunctionality" time="17.886" classname="test_scripts.SixthScenario"/>
</testsuite> <!-- test_scripts.SixthScenario -->
