<?xml version="1.0" encoding="UTF-8"?>
<!-- Generated by org.testng.reporters.JUnitReportReporter -->
<testsuite name="test_scripts.Scenario7_PopularRecharges" tests="1" time="24.239" ignored="0" failures="0" timestamp="03 Jun 2017 21:55:26 GMT" skipped="0" hostname="DESKTOP-HJOJ2IV" errors="0">
  <testcase name="PopularRecharges" time="24.239" classname="test_scripts.Scenario7_PopularRecharges"/>
</testsuite> <!-- test_scripts.Scenario7_PopularRecharges -->
