<?xml version="1.0" encoding="UTF-8"?>
<!-- Generated by org.testng.reporters.JUnitReportReporter -->
<testsuite name="test_scripts.NinthScenario" tests="1" time="9.468" ignored="0" failures="0" timestamp="22 May 2017 04:02:39 GMT" skipped="0" hostname="DESKTOP-HJOJ2IV" errors="0">
  <testcase name="transactionhistory" time="9.468" classname="test_scripts.NinthScenario"/>
</testsuite> <!-- test_scripts.NinthScenario -->
